<?xml version="1.0" encoding="UTF-8"?>
<testng-results skipped="0" failed="0" ignored="0" total="1" passed="1">
  <reporter-output>
  </reporter-output>
  <suite name="Failed suite [LeafTaps]" duration-ms="20640" started-at="2020-07-06T21:11:40 IST" finished-at="2020-07-06T21:12:01 IST">
    <groups>
    </groups>
    <test name="Leads(failed)" duration-ms="20640" started-at="2020-07-06T21:11:40 IST" finished-at="2020-07-06T21:12:01 IST">
      <class name="sleniumTestNg.CreateLead">
        <test-method status="PASS" signature="createLead_001()[pri:0, instance:sleniumTestNg.CreateLead@30b8a058]" name="createLead_001" duration-ms="20548" started-at="2020-07-06T21:11:40 IST" finished-at="2020-07-06T21:12:01 IST">
          <reporter-output>
          </reporter-output>
        </test-method> <!-- createLead_001 -->
      </class> <!-- sleniumTestNg.CreateLead -->
    </test> <!-- Leads(failed) -->
  </suite> <!-- Failed suite [LeafTaps] -->
</testng-results>
